2024-02-02 17:46:02 | Error   |       | Uncaught MySQLException: Could not select DB: db_name = itopcfac_backup_mysql_02_02_2023, mysql_errno = 1049, mysql_error = Unknown database 'itopcfac_backup_mysql_02_02_2023' in C:\xampp\htdocs\itop_from_server_local_cfac\core\cmdbsource.class.inc.php:405
 | IssueLog |||
array (
  'type' => 1,
  'file' => 'C:\\xampp\\htdocs\\itop_from_server_local_cfac\\core\\cmdbsource.class.inc.php',
  'line' => 405,
)
2024-02-02 17:46:06 | Error   |       | Uncaught MySQLException: Could not select DB: db_name = itopcfac_backup_mysql_02_02_2023, mysql_errno = 1049, mysql_error = Unknown database 'itopcfac_backup_mysql_02_02_2023' in C:\xampp\htdocs\itop_from_server_local_cfac\core\cmdbsource.class.inc.php:405
 | IssueLog |||
array (
  'type' => 1,
  'file' => 'C:\\xampp\\htdocs\\itop_from_server_local_cfac\\core\\cmdbsource.class.inc.php',
  'line' => 405,
)
2024-02-02 17:46:10 | Error   |       | Uncaught MySQLException: Could not select DB: db_name = itopcfac_backup_mysql_02_02_2023, mysql_errno = 1049, mysql_error = Unknown database 'itopcfac_backup_mysql_02_02_2023' in C:\xampp\htdocs\itop_from_server_local_cfac\core\cmdbsource.class.inc.php:405
 | IssueLog |||
array (
  'type' => 1,
  'file' => 'C:\\xampp\\htdocs\\itop_from_server_local_cfac\\core\\cmdbsource.class.inc.php',
  'line' => 405,
)
2024-02-02 17:46:57 | Error   |       | Uncaught MySQLException: Could not select DB: db_name = itopcfac_backup_mysql_02_02_2023, mysql_errno = 1049, mysql_error = Unknown database 'itopcfac_backup_mysql_02_02_2023' in C:\xampp\htdocs\itop_from_server_local_cfac\core\cmdbsource.class.inc.php:405
 | IssueLog |||
array (
  'type' => 1,
  'file' => 'C:\\xampp\\htdocs\\itop_from_server_local_cfac\\core\\cmdbsource.class.inc.php',
  'line' => 405,
)
2024-02-02 18:10:25 | Error   | 1     | Module itop-object-copy - invalid rule #MailInboxStandardToMailInboxOAuth - dest_class "MailInboxOAuth" is not a valid class | IssueLog |||
2024-02-02 18:10:38 | Error   | 1     | Module itop-object-copy - invalid rule #MailInboxStandardToMailInboxOAuth - dest_class "MailInboxOAuth" is not a valid class | IssueLog |||
2024-02-02 18:10:54 | Error   | 1     | Module itop-object-copy - invalid rule #MailInboxStandardToMailInboxOAuth - dest_class "MailInboxOAuth" is not a valid class | IssueLog |||
2024-02-02 18:10:55 | Error   | 1     | Module itop-object-copy - invalid rule #MailInboxStandardToMailInboxOAuth - dest_class "MailInboxOAuth" is not a valid class | IssueLog |||
2024-02-02 18:13:17 | Error   | 1     | Module itop-object-copy - invalid rule #MailInboxStandardToMailInboxOAuth - dest_class "MailInboxOAuth" is not a valid class | IssueLog |||
2024-02-02 18:13:38 | Error   | 1     | Module itop-object-copy - invalid rule #MailInboxStandardToMailInboxOAuth - dest_class "MailInboxOAuth" is not a valid class | IssueLog |||
2024-02-02 18:13:57 | Error   | 1     | Module itop-object-copy - invalid rule #MailInboxStandardToMailInboxOAuth - dest_class "MailInboxOAuth" is not a valid class | IssueLog |||
2024-02-02 18:14:11 | Error   | 1     | Module itop-object-copy - invalid rule #MailInboxStandardToMailInboxOAuth - dest_class "MailInboxOAuth" is not a valid class | IssueLog |||
2024-02-02 18:14:12 | Error   | 1     | Module itop-object-copy - invalid rule #MailInboxStandardToMailInboxOAuth - dest_class "MailInboxOAuth" is not a valid class | IssueLog |||
2024-02-02 18:14:37 | Error   | 1     | Module itop-object-copy - invalid rule #MailInboxStandardToMailInboxOAuth - dest_class "MailInboxOAuth" is not a valid class | IssueLog |||
2024-02-02 18:14:57 | Error   | 1     | Module itop-object-copy - invalid rule #MailInboxStandardToMailInboxOAuth - dest_class "MailInboxOAuth" is not a valid class | IssueLog |||
2024-02-02 18:15:04 | Error   | 1     | Module itop-object-copy - invalid rule #MailInboxStandardToMailInboxOAuth - dest_class "MailInboxOAuth" is not a valid class | IssueLog |||
2024-02-02 18:15:12 | Error   | 1     | Module itop-object-copy - invalid rule #MailInboxStandardToMailInboxOAuth - dest_class "MailInboxOAuth" is not a valid class | IssueLog |||
2024-02-02 18:15:16 | Error   | 1     | Module itop-object-copy - invalid rule #MailInboxStandardToMailInboxOAuth - dest_class "MailInboxOAuth" is not a valid class | IssueLog |||
2024-02-02 18:15:23 | Error   | 1     | Module itop-object-copy - invalid rule #MailInboxStandardToMailInboxOAuth - dest_class "MailInboxOAuth" is not a valid class | IssueLog |||
2024-02-02 18:15:38 | Error   | 1     | Module itop-object-copy - invalid rule #MailInboxStandardToMailInboxOAuth - dest_class "MailInboxOAuth" is not a valid class | IssueLog |||
2024-02-02 18:15:47 | Error   | 1     | Module itop-object-copy - invalid rule #MailInboxStandardToMailInboxOAuth - dest_class "MailInboxOAuth" is not a valid class | IssueLog |||
2024-02-02 18:15:53 | Error   | 1     | Module itop-object-copy - invalid rule #MailInboxStandardToMailInboxOAuth - dest_class "MailInboxOAuth" is not a valid class | IssueLog |||
2024-02-02 18:16:01 | Error   | 1     | Module itop-object-copy - invalid rule #MailInboxStandardToMailInboxOAuth - dest_class "MailInboxOAuth" is not a valid class | IssueLog |||
2024-02-02 18:16:12 | Error   | 1     | Module itop-object-copy - invalid rule #MailInboxStandardToMailInboxOAuth - dest_class "MailInboxOAuth" is not a valid class | IssueLog |||
2024-02-02 18:16:34 | Error   | 1     | Module itop-object-copy - invalid rule #MailInboxStandardToMailInboxOAuth - dest_class "MailInboxOAuth" is not a valid class | IssueLog |||
2024-02-02 18:16:41 | Error   | 1     | Module itop-object-copy - invalid rule #MailInboxStandardToMailInboxOAuth - dest_class "MailInboxOAuth" is not a valid class | IssueLog |||
2024-02-02 18:16:49 | Error   | 1     | Module itop-object-copy - invalid rule #MailInboxStandardToMailInboxOAuth - dest_class "MailInboxOAuth" is not a valid class | IssueLog |||
2024-02-02 18:16:54 | Error   | 1     | Module itop-object-copy - invalid rule #MailInboxStandardToMailInboxOAuth - dest_class "MailInboxOAuth" is not a valid class | IssueLog |||
2024-02-02 18:17:01 | Error   | 1     | Module itop-object-copy - invalid rule #MailInboxStandardToMailInboxOAuth - dest_class "MailInboxOAuth" is not a valid class | IssueLog |||
2024-02-02 18:17:09 | Error   | 1     | Module itop-object-copy - invalid rule #MailInboxStandardToMailInboxOAuth - dest_class "MailInboxOAuth" is not a valid class | IssueLog |||
2024-02-02 18:17:14 | Error   | 1     | Module itop-object-copy - invalid rule #MailInboxStandardToMailInboxOAuth - dest_class "MailInboxOAuth" is not a valid class | IssueLog |||
2024-02-02 18:17:19 | Error   | 1     | Module itop-object-copy - invalid rule #MailInboxStandardToMailInboxOAuth - dest_class "MailInboxOAuth" is not a valid class | IssueLog |||
2024-02-02 18:17:24 | Error   | 1     | Module itop-object-copy - invalid rule #MailInboxStandardToMailInboxOAuth - dest_class "MailInboxOAuth" is not a valid class | IssueLog |||
2024-02-02 18:17:34 | Error   | 1     | Module itop-object-copy - invalid rule #MailInboxStandardToMailInboxOAuth - dest_class "MailInboxOAuth" is not a valid class | IssueLog |||
2024-02-02 18:17:40 | Error   | 1     | Module itop-object-copy - invalid rule #MailInboxStandardToMailInboxOAuth - dest_class "MailInboxOAuth" is not a valid class | IssueLog |||
2024-02-02 18:17:45 | Error   | 1     | Module itop-object-copy - invalid rule #MailInboxStandardToMailInboxOAuth - dest_class "MailInboxOAuth" is not a valid class | IssueLog |||
2024-02-02 18:17:52 | Error   | 1     | Module itop-object-copy - invalid rule #MailInboxStandardToMailInboxOAuth - dest_class "MailInboxOAuth" is not a valid class | IssueLog |||
2024-02-02 18:17:57 | Error   | 1     | Module itop-object-copy - invalid rule #MailInboxStandardToMailInboxOAuth - dest_class "MailInboxOAuth" is not a valid class | IssueLog |||
2024-02-02 18:18:03 | Error   | 1     | Module itop-object-copy - invalid rule #MailInboxStandardToMailInboxOAuth - dest_class "MailInboxOAuth" is not a valid class | IssueLog |||
2024-02-02 18:18:12 | Error   | 1     | Module itop-object-copy - invalid rule #MailInboxStandardToMailInboxOAuth - dest_class "MailInboxOAuth" is not a valid class | IssueLog |||
2024-02-02 18:18:18 | Error   | 1     | Module itop-object-copy - invalid rule #MailInboxStandardToMailInboxOAuth - dest_class "MailInboxOAuth" is not a valid class | IssueLog |||
2024-02-02 18:18:23 | Error   | 1     | Module itop-object-copy - invalid rule #MailInboxStandardToMailInboxOAuth - dest_class "MailInboxOAuth" is not a valid class | IssueLog |||
2024-02-02 18:18:29 | Error   | 1     | Module itop-object-copy - invalid rule #MailInboxStandardToMailInboxOAuth - dest_class "MailInboxOAuth" is not a valid class | IssueLog |||
2024-02-02 18:19:29 | Error   | 1     | Module itop-object-copy - invalid rule #MailInboxStandardToMailInboxOAuth - dest_class "MailInboxOAuth" is not a valid class | IssueLog |||
2024-02-02 18:19:37 | Error   | 1     | Module itop-object-copy - invalid rule #MailInboxStandardToMailInboxOAuth - dest_class "MailInboxOAuth" is not a valid class | IssueLog |||
2024-02-02 18:19:57 | Error   | 1     | Module itop-object-copy - invalid rule #MailInboxStandardToMailInboxOAuth - dest_class "MailInboxOAuth" is not a valid class | IssueLog |||
2024-02-02 18:20:03 | Error   | 1     | Module itop-object-copy - invalid rule #MailInboxStandardToMailInboxOAuth - dest_class "MailInboxOAuth" is not a valid class | IssueLog |||
2024-02-02 18:20:08 | Error   | 1     | Module itop-object-copy - invalid rule #MailInboxStandardToMailInboxOAuth - dest_class "MailInboxOAuth" is not a valid class | IssueLog |||
2024-02-02 18:20:13 | Error   | 1     | Module itop-object-copy - invalid rule #MailInboxStandardToMailInboxOAuth - dest_class "MailInboxOAuth" is not a valid class | IssueLog |||
2024-02-02 18:20:53 | Error   | 1     | Module itop-object-copy - invalid rule #MailInboxStandardToMailInboxOAuth - dest_class "MailInboxOAuth" is not a valid class | IssueLog |||
2024-02-02 18:20:59 | Error   | 1     | Module itop-object-copy - invalid rule #MailInboxStandardToMailInboxOAuth - dest_class "MailInboxOAuth" is not a valid class | IssueLog |||
2024-02-02 18:21:04 | Error   | 1     | Module itop-object-copy - invalid rule #MailInboxStandardToMailInboxOAuth - dest_class "MailInboxOAuth" is not a valid class | IssueLog |||
2024-02-02 18:21:11 | Error   | 1     | Module itop-object-copy - invalid rule #MailInboxStandardToMailInboxOAuth - dest_class "MailInboxOAuth" is not a valid class | IssueLog |||
2024-02-02 18:21:14 | Error   | 1     | Module itop-object-copy - invalid rule #MailInboxStandardToMailInboxOAuth - dest_class "MailInboxOAuth" is not a valid class | IssueLog |||
2024-02-02 18:21:19 | Error   | 1     | Module itop-object-copy - invalid rule #MailInboxStandardToMailInboxOAuth - dest_class "MailInboxOAuth" is not a valid class | IssueLog |||
2024-02-02 18:21:23 | Error   | 1     | Module itop-object-copy - invalid rule #MailInboxStandardToMailInboxOAuth - dest_class "MailInboxOAuth" is not a valid class | IssueLog |||
2024-02-02 18:21:38 | Error   | 1     | Module itop-object-copy - invalid rule #MailInboxStandardToMailInboxOAuth - dest_class "MailInboxOAuth" is not a valid class | IssueLog |||
2024-02-02 18:21:45 | Error   | 1     | Module itop-object-copy - invalid rule #MailInboxStandardToMailInboxOAuth - dest_class "MailInboxOAuth" is not a valid class | IssueLog |||
2024-02-02 18:21:59 | Error   | 1     | Module itop-object-copy - invalid rule #MailInboxStandardToMailInboxOAuth - dest_class "MailInboxOAuth" is not a valid class | IssueLog |||
2024-02-02 18:22:06 | Error   | 1     | Module itop-object-copy - invalid rule #MailInboxStandardToMailInboxOAuth - dest_class "MailInboxOAuth" is not a valid class | IssueLog |||
2024-02-02 18:22:11 | Error   | 1     | Module itop-object-copy - invalid rule #MailInboxStandardToMailInboxOAuth - dest_class "MailInboxOAuth" is not a valid class | IssueLog |||
2024-02-02 18:22:17 | Error   | 1     | Module itop-object-copy - invalid rule #MailInboxStandardToMailInboxOAuth - dest_class "MailInboxOAuth" is not a valid class | IssueLog |||
2024-02-02 18:22:23 | Error   | 1     | Module itop-object-copy - invalid rule #MailInboxStandardToMailInboxOAuth - dest_class "MailInboxOAuth" is not a valid class | IssueLog |||
2024-02-02 18:22:29 | Error   | 1     | Module itop-object-copy - invalid rule #MailInboxStandardToMailInboxOAuth - dest_class "MailInboxOAuth" is not a valid class | IssueLog |||
2024-02-02 18:22:34 | Error   | 1     | Module itop-object-copy - invalid rule #MailInboxStandardToMailInboxOAuth - dest_class "MailInboxOAuth" is not a valid class | IssueLog |||
2024-02-02 18:22:42 | Error   | 1     | Module itop-object-copy - invalid rule #MailInboxStandardToMailInboxOAuth - dest_class "MailInboxOAuth" is not a valid class | IssueLog |||
2024-02-02 18:23:20 | Error   | 1     | Module itop-object-copy - invalid rule #MailInboxStandardToMailInboxOAuth - dest_class "MailInboxOAuth" is not a valid class | IssueLog |||
2024-02-02 18:23:21 | Error   | 1     | Module itop-object-copy - invalid rule #MailInboxStandardToMailInboxOAuth - dest_class "MailInboxOAuth" is not a valid class | IssueLog |||
2024-02-02 18:23:28 | Error   | 1     | Module itop-object-copy - invalid rule #MailInboxStandardToMailInboxOAuth - dest_class "MailInboxOAuth" is not a valid class | IssueLog |||
2024-02-02 18:23:34 | Error   | 1     | Module itop-object-copy - invalid rule #MailInboxStandardToMailInboxOAuth - dest_class "MailInboxOAuth" is not a valid class | IssueLog |||
2024-02-02 18:23:38 | Error   | 1     | Module itop-object-copy - invalid rule #MailInboxStandardToMailInboxOAuth - dest_class "MailInboxOAuth" is not a valid class | IssueLog |||
2024-02-02 18:23:49 | Error   | 1     | Module itop-object-copy - invalid rule #MailInboxStandardToMailInboxOAuth - dest_class "MailInboxOAuth" is not a valid class | IssueLog |||
2024-02-02 18:23:56 | Error   | 1     | Module itop-object-copy - invalid rule #MailInboxStandardToMailInboxOAuth - dest_class "MailInboxOAuth" is not a valid class | IssueLog |||
2024-02-02 18:24:02 | Error   | 1     | Module itop-object-copy - invalid rule #MailInboxStandardToMailInboxOAuth - dest_class "MailInboxOAuth" is not a valid class | IssueLog |||
2024-02-02 18:24:08 | Error   | 1     | Module itop-object-copy - invalid rule #MailInboxStandardToMailInboxOAuth - dest_class "MailInboxOAuth" is not a valid class | IssueLog |||
2024-02-02 18:32:44 | Error   | 1     | Module itop-object-copy - invalid rule #MailInboxStandardToMailInboxOAuth - dest_class "MailInboxOAuth" is not a valid class | IssueLog |||
2024-02-02 18:32:49 | Error   | 1     | Module itop-object-copy - invalid rule #MailInboxStandardToMailInboxOAuth - dest_class "MailInboxOAuth" is not a valid class | IssueLog |||
2024-02-02 18:40:25 | Error   | 1     | Module itop-object-copy - invalid rule #MailInboxStandardToMailInboxOAuth - dest_class "MailInboxOAuth" is not a valid class | IssueLog |||
2024-02-02 18:40:32 | Error   | 1     | Module itop-object-copy - invalid rule #MailInboxStandardToMailInboxOAuth - dest_class "MailInboxOAuth" is not a valid class | IssueLog |||
2024-02-02 18:40:39 | Error   | 1     | Module itop-object-copy - invalid rule #MailInboxStandardToMailInboxOAuth - dest_class "MailInboxOAuth" is not a valid class | IssueLog |||
2024-02-02 18:40:42 | Error   | 1     | Module itop-object-copy - invalid rule #MailInboxStandardToMailInboxOAuth - dest_class "MailInboxOAuth" is not a valid class | IssueLog |||
2024-02-02 18:40:58 | Error   | 1     | Module itop-object-copy - invalid rule #MailInboxStandardToMailInboxOAuth - dest_class "MailInboxOAuth" is not a valid class | IssueLog |||
2024-02-02 18:41:02 | Error   | 1     | Module itop-object-copy - invalid rule #MailInboxStandardToMailInboxOAuth - dest_class "MailInboxOAuth" is not a valid class | IssueLog |||
2024-02-02 18:41:09 | Error   | 1     | Module itop-object-copy - invalid rule #MailInboxStandardToMailInboxOAuth - dest_class "MailInboxOAuth" is not a valid class | IssueLog |||
2024-02-02 18:41:16 | Error   | 1     | Module itop-object-copy - invalid rule #MailInboxStandardToMailInboxOAuth - dest_class "MailInboxOAuth" is not a valid class | IssueLog |||
2024-02-02 18:41:24 | Error   | 1     | Module itop-object-copy - invalid rule #MailInboxStandardToMailInboxOAuth - dest_class "MailInboxOAuth" is not a valid class | IssueLog |||
2024-02-02 18:41:31 | Error   | 1     | Module itop-object-copy - invalid rule #MailInboxStandardToMailInboxOAuth - dest_class "MailInboxOAuth" is not a valid class | IssueLog |||
2024-02-02 18:41:37 | Error   | 1     | Module itop-object-copy - invalid rule #MailInboxStandardToMailInboxOAuth - dest_class "MailInboxOAuth" is not a valid class | IssueLog |||
2024-02-02 18:46:22 | Error   | 1     | Module itop-object-copy - invalid rule #MailInboxStandardToMailInboxOAuth - dest_class "MailInboxOAuth" is not a valid class | IssueLog |||
2024-02-02 18:46:26 | Error   | 1     | Module itop-object-copy - invalid rule #MailInboxStandardToMailInboxOAuth - dest_class "MailInboxOAuth" is not a valid class | IssueLog |||
2024-02-02 18:46:31 | Error   | 1     | Module itop-object-copy - invalid rule #MailInboxStandardToMailInboxOAuth - dest_class "MailInboxOAuth" is not a valid class | IssueLog |||
2024-02-02 18:46:38 | Error   | 1     | Module itop-object-copy - invalid rule #MailInboxStandardToMailInboxOAuth - dest_class "MailInboxOAuth" is not a valid class | IssueLog |||
2024-02-02 18:46:43 | Error   | 1     | Module itop-object-copy - invalid rule #MailInboxStandardToMailInboxOAuth - dest_class "MailInboxOAuth" is not a valid class | IssueLog |||
2024-02-02 18:46:49 | Error   | 1     | Module itop-object-copy - invalid rule #MailInboxStandardToMailInboxOAuth - dest_class "MailInboxOAuth" is not a valid class | IssueLog |||
2024-02-02 18:51:14 | Error   | 1     | Module itop-object-copy - invalid rule #MailInboxStandardToMailInboxOAuth - dest_class "MailInboxOAuth" is not a valid class | IssueLog |||
2024-02-02 18:51:21 | Error   | 1     | Module itop-object-copy - invalid rule #MailInboxStandardToMailInboxOAuth - dest_class "MailInboxOAuth" is not a valid class | IssueLog |||
2024-02-02 18:51:30 | Error   | 1     | Module itop-object-copy - invalid rule #MailInboxStandardToMailInboxOAuth - dest_class "MailInboxOAuth" is not a valid class | IssueLog |||
2024-02-02 18:51:37 | Error   | 1     | Module itop-object-copy - invalid rule #MailInboxStandardToMailInboxOAuth - dest_class "MailInboxOAuth" is not a valid class | IssueLog |||
2024-02-02 18:51:44 | Error   | 1     | Module itop-object-copy - invalid rule #MailInboxStandardToMailInboxOAuth - dest_class "MailInboxOAuth" is not a valid class | IssueLog |||
2024-02-02 18:51:50 | Error   | 1     | Module itop-object-copy - invalid rule #MailInboxStandardToMailInboxOAuth - dest_class "MailInboxOAuth" is not a valid class | IssueLog |||
2024-02-02 18:51:57 | Error   | 1     | Module itop-object-copy - invalid rule #MailInboxStandardToMailInboxOAuth - dest_class "MailInboxOAuth" is not a valid class | IssueLog |||
2024-02-02 18:52:04 | Error   | 1     | Module itop-object-copy - invalid rule #MailInboxStandardToMailInboxOAuth - dest_class "MailInboxOAuth" is not a valid class | IssueLog |||
2024-02-02 18:52:10 | Error   | 1     | Module itop-object-copy - invalid rule #MailInboxStandardToMailInboxOAuth - dest_class "MailInboxOAuth" is not a valid class | IssueLog |||
2024-02-02 18:52:16 | Error   | 1     | Module itop-object-copy - invalid rule #MailInboxStandardToMailInboxOAuth - dest_class "MailInboxOAuth" is not a valid class | IssueLog |||
2024-02-02 18:52:30 | Error   | 1     | Module itop-object-copy - invalid rule #MailInboxStandardToMailInboxOAuth - dest_class "MailInboxOAuth" is not a valid class | IssueLog |||
2024-02-02 18:52:38 | Error   | 1     | Module itop-object-copy - invalid rule #MailInboxStandardToMailInboxOAuth - dest_class "MailInboxOAuth" is not a valid class | IssueLog |||
2024-02-02 18:52:44 | Error   | 1     | Module itop-object-copy - invalid rule #MailInboxStandardToMailInboxOAuth - dest_class "MailInboxOAuth" is not a valid class | IssueLog |||
2024-02-02 18:52:52 | Error   | 1     | Module itop-object-copy - invalid rule #MailInboxStandardToMailInboxOAuth - dest_class "MailInboxOAuth" is not a valid class | IssueLog |||
2024-02-02 18:52:56 | Error   | 1     | Module itop-object-copy - invalid rule #MailInboxStandardToMailInboxOAuth - dest_class "MailInboxOAuth" is not a valid class | IssueLog |||
2024-02-02 18:53:02 | Error   | 1     | Module itop-object-copy - invalid rule #MailInboxStandardToMailInboxOAuth - dest_class "MailInboxOAuth" is not a valid class | IssueLog |||
2024-02-02 18:53:06 | Error   | 1     | Module itop-object-copy - invalid rule #MailInboxStandardToMailInboxOAuth - dest_class "MailInboxOAuth" is not a valid class | IssueLog |||
2024-02-02 18:53:14 | Error   | 1     | Module itop-object-copy - invalid rule #MailInboxStandardToMailInboxOAuth - dest_class "MailInboxOAuth" is not a valid class | IssueLog |||
2024-02-02 19:00:24 | Error   | 1     | Module itop-object-copy - invalid rule #MailInboxStandardToMailInboxOAuth - dest_class "MailInboxOAuth" is not a valid class | IssueLog |||
2024-02-02 19:01:08 | Error   | 1     | Module itop-object-copy - invalid rule #MailInboxStandardToMailInboxOAuth - dest_class "MailInboxOAuth" is not a valid class | IssueLog |||
2024-02-02 19:01:18 | Error   | 1     | Module itop-object-copy - invalid rule #MailInboxStandardToMailInboxOAuth - dest_class "MailInboxOAuth" is not a valid class | IssueLog |||
2024-02-02 19:01:32 | Error   | 1     | Module itop-object-copy - invalid rule #MailInboxStandardToMailInboxOAuth - dest_class "MailInboxOAuth" is not a valid class | IssueLog |||
2024-02-02 19:02:00 | Error   | 1     | Module itop-object-copy - invalid rule #MailInboxStandardToMailInboxOAuth - dest_class "MailInboxOAuth" is not a valid class | IssueLog |||
2024-02-02 19:02:09 | Error   | 1     | Module itop-object-copy - invalid rule #MailInboxStandardToMailInboxOAuth - dest_class "MailInboxOAuth" is not a valid class | IssueLog |||
2024-02-02 19:02:21 | Error   | 1     | Module itop-object-copy - invalid rule #MailInboxStandardToMailInboxOAuth - dest_class "MailInboxOAuth" is not a valid class | IssueLog |||
2024-02-02 19:02:27 | Error   | 1     | Module itop-object-copy - invalid rule #MailInboxStandardToMailInboxOAuth - dest_class "MailInboxOAuth" is not a valid class | IssueLog |||
2024-02-02 19:02:46 | Error   | 1     | Module itop-object-copy - invalid rule #MailInboxStandardToMailInboxOAuth - dest_class "MailInboxOAuth" is not a valid class | IssueLog |||
2024-02-02 19:02:54 | Error   | 1     | Module itop-object-copy - invalid rule #MailInboxStandardToMailInboxOAuth - dest_class "MailInboxOAuth" is not a valid class | IssueLog |||
2024-02-02 19:03:28 | Error   | 1     | Module itop-object-copy - invalid rule #MailInboxStandardToMailInboxOAuth - dest_class "MailInboxOAuth" is not a valid class | IssueLog |||
2024-02-02 19:03:36 | Error   | 1     | Module itop-object-copy - invalid rule #MailInboxStandardToMailInboxOAuth - dest_class "MailInboxOAuth" is not a valid class | IssueLog |||
2024-02-02 19:03:41 | Error   | 1     | Module itop-object-copy - invalid rule #MailInboxStandardToMailInboxOAuth - dest_class "MailInboxOAuth" is not a valid class | IssueLog |||
2024-02-02 19:03:48 | Error   | 1     | Module itop-object-copy - invalid rule #MailInboxStandardToMailInboxOAuth - dest_class "MailInboxOAuth" is not a valid class | IssueLog |||
2024-02-02 19:03:55 | Error   | 1     | Module itop-object-copy - invalid rule #MailInboxStandardToMailInboxOAuth - dest_class "MailInboxOAuth" is not a valid class | IssueLog |||
2024-02-02 19:04:02 | Error   | 1     | Module itop-object-copy - invalid rule #MailInboxStandardToMailInboxOAuth - dest_class "MailInboxOAuth" is not a valid class | IssueLog |||
2024-02-02 19:04:09 | Error   | 1     | Module itop-object-copy - invalid rule #MailInboxStandardToMailInboxOAuth - dest_class "MailInboxOAuth" is not a valid class | IssueLog |||
2024-02-02 19:04:17 | Error   | 1     | Module itop-object-copy - invalid rule #MailInboxStandardToMailInboxOAuth - dest_class "MailInboxOAuth" is not a valid class | IssueLog |||
2024-02-02 19:04:26 | Error   | 1     | Module itop-object-copy - invalid rule #MailInboxStandardToMailInboxOAuth - dest_class "MailInboxOAuth" is not a valid class | IssueLog |||
2024-02-02 19:04:32 | Error   | 1     | Module itop-object-copy - invalid rule #MailInboxStandardToMailInboxOAuth - dest_class "MailInboxOAuth" is not a valid class | IssueLog |||
2024-02-02 19:14:20 | Error   | 1     | Module itop-object-copy - invalid rule #MailInboxStandardToMailInboxOAuth - dest_class "MailInboxOAuth" is not a valid class | IssueLog |||
2024-02-02 19:14:27 | Error   | 1     | Module itop-object-copy - invalid rule #MailInboxStandardToMailInboxOAuth - dest_class "MailInboxOAuth" is not a valid class | IssueLog |||
2024-02-02 19:14:31 | Error   | 1     | Module itop-object-copy - invalid rule #MailInboxStandardToMailInboxOAuth - dest_class "MailInboxOAuth" is not a valid class | IssueLog |||
2024-02-02 19:14:36 | Error   | 1     | Module itop-object-copy - invalid rule #MailInboxStandardToMailInboxOAuth - dest_class "MailInboxOAuth" is not a valid class | IssueLog |||
2024-02-02 19:14:42 | Error   | 1     | Module itop-object-copy - invalid rule #MailInboxStandardToMailInboxOAuth - dest_class "MailInboxOAuth" is not a valid class | IssueLog |||
2024-02-02 19:14:48 | Error   | 1     | Module itop-object-copy - invalid rule #MailInboxStandardToMailInboxOAuth - dest_class "MailInboxOAuth" is not a valid class | IssueLog |||
2024-02-02 19:14:54 | Error   | 1     | Module itop-object-copy - invalid rule #MailInboxStandardToMailInboxOAuth - dest_class "MailInboxOAuth" is not a valid class | IssueLog |||
2024-02-02 19:15:00 | Error   | 1     | Module itop-object-copy - invalid rule #MailInboxStandardToMailInboxOAuth - dest_class "MailInboxOAuth" is not a valid class | IssueLog |||
2024-02-02 19:45:36 | Error   | 1     | Module itop-object-copy - invalid rule #MailInboxStandardToMailInboxOAuth - dest_class "MailInboxOAuth" is not a valid class | IssueLog |||
2024-02-13 19:16:59 | Error   | 1     | Module itop-object-copy - invalid rule #MailInboxStandardToMailInboxOAuth - dest_class "MailInboxOAuth" is not a valid class | IssueLog |||
2024-02-13 19:33:20 | Error   | 1     | Module itop-object-copy - invalid rule #MailInboxStandardToMailInboxOAuth - dest_class "MailInboxOAuth" is not a valid class | IssueLog |||
2024-02-13 19:33:21 | Error   | 1     | Module itop-object-copy - invalid rule #MailInboxStandardToMailInboxOAuth - dest_class "MailInboxOAuth" is not a valid class | IssueLog |||
2024-02-13 19:34:30 | Error   | 1     | Module itop-object-copy - invalid rule #MailInboxStandardToMailInboxOAuth - dest_class "MailInboxOAuth" is not a valid class | IssueLog |||
2024-02-13 19:35:24 | Error   | 1     | Module itop-object-copy - invalid rule #MailInboxStandardToMailInboxOAuth - dest_class "MailInboxOAuth" is not a valid class | IssueLog |||
2024-02-14 16:22:51 | Error   | 1     | Module itop-object-copy - invalid rule #MailInboxStandardToMailInboxOAuth - dest_class "MailInboxOAuth" is not a valid class | IssueLog |||
2024-02-14 16:24:05 | Error   | 1     | Module itop-object-copy - invalid rule #MailInboxStandardToMailInboxOAuth - dest_class "MailInboxOAuth" is not a valid class | IssueLog |||
2024-02-14 16:27:30 | Error   | 344   | Brick with id = "approvals" was not found among loaded bricks. | Combodo\iTop\Portal\Brick\BrickNotFoundException |||
array (
  'exception class' => 'Combodo\\iTop\\Portal\\Brick\\BrickNotFoundException',
  'file' => 'C:\\xampp\\htdocs\\itop_from_server_local_cfac\\env-production\\itop-portal-base\\portal\\src\\Brick\\BrickCollection.php',
  'line' => 133,
  'uri' => 'http://localhost:8056/itop_from_server_local_cfac/pages/exec.php/approval/approvals?exec_module=itop-portal-base&exec_page=index.php&portal_id=itop-portal',
)
2024-02-14 16:51:02 | Error   | 1     | Module itop-object-copy - invalid rule #MailInboxStandardToMailInboxOAuth - dest_class "MailInboxOAuth" is not a valid class | IssueLog |||
2024-02-14 16:51:14 | Error   | 1     | Module itop-object-copy - invalid rule #MailInboxStandardToMailInboxOAuth - dest_class "MailInboxOAuth" is not a valid class | IssueLog |||
